C:\USERS\JH\DESKTOP\VISUAL\알고리즘\12141680\12141680\DEBUG\12141680.EXE.EMBED.MANIFEST
C:\USERS\JH\DESKTOP\VISUAL\알고리즘\12141680\12141680\DEBUG\12141680.EXE.EMBED.MANIFEST.RES
C:\Users\JH\Desktop\Visual\알고리즘\12141680\12141680\Debug\12141680.exe.intermediate.manifest
C:\Users\JH\Desktop\Visual\알고리즘\12141680\12141680\Debug\12141680.vcxprojResolveAssemblyReference.cache
C:\Users\JH\Desktop\Visual\알고리즘\12141680\12141680\Debug\12141680.write.1.tlog
C:\Users\JH\Desktop\Visual\알고리즘\12141680\12141680\Debug\12141680_manifest.rc
C:\Users\JH\Desktop\Visual\알고리즘\12141680\12141680\Debug\cl.command.1.tlog
C:\Users\JH\Desktop\Visual\알고리즘\12141680\12141680\Debug\CL.read.1.tlog
C:\Users\JH\Desktop\Visual\알고리즘\12141680\12141680\Debug\CL.write.1.tlog
C:\USERS\JH\DESKTOP\VISUAL\알고리즘\12141680\12141680\DEBUG\GAKNAPSACK.OBJ
C:\USERS\JH\DESKTOP\VISUAL\알고리즘\12141680\12141680\DEBUG\KNAPSACK.OBJ
C:\Users\JH\Desktop\Visual\알고리즘\12141680\12141680\Debug\link.17564.read.1.tlog
C:\Users\JH\Desktop\Visual\알고리즘\12141680\12141680\Debug\link.17564.write.1.tlog
C:\Users\JH\Desktop\Visual\알고리즘\12141680\12141680\Debug\link.17564-cvtres.read.1.tlog
C:\Users\JH\Desktop\Visual\알고리즘\12141680\12141680\Debug\link.17564-cvtres.write.1.tlog
C:\Users\JH\Desktop\Visual\알고리즘\12141680\12141680\Debug\link.18868.read.1.tlog
C:\Users\JH\Desktop\Visual\알고리즘\12141680\12141680\Debug\link.18868.write.1.tlog
C:\Users\JH\Desktop\Visual\알고리즘\12141680\12141680\Debug\link.18868-cvtres.read.1.tlog
C:\Users\JH\Desktop\Visual\알고리즘\12141680\12141680\Debug\link.18868-cvtres.write.1.tlog
C:\Users\JH\Desktop\Visual\알고리즘\12141680\12141680\Debug\link.19188.read.1.tlog
C:\Users\JH\Desktop\Visual\알고리즘\12141680\12141680\Debug\link.19188.write.1.tlog
C:\Users\JH\Desktop\Visual\알고리즘\12141680\12141680\Debug\link.19188-cvtres.read.1.tlog
C:\Users\JH\Desktop\Visual\알고리즘\12141680\12141680\Debug\link.19188-cvtres.write.1.tlog
C:\Users\JH\Desktop\Visual\알고리즘\12141680\12141680\Debug\link.5984.read.1.tlog
C:\Users\JH\Desktop\Visual\알고리즘\12141680\12141680\Debug\link.5984.write.1.tlog
C:\Users\JH\Desktop\Visual\알고리즘\12141680\12141680\Debug\link.5984-cvtres.read.1.tlog
C:\Users\JH\Desktop\Visual\알고리즘\12141680\12141680\Debug\link.5984-cvtres.write.1.tlog
C:\Users\JH\Desktop\Visual\알고리즘\12141680\12141680\Debug\link.6264.read.1.tlog
C:\Users\JH\Desktop\Visual\알고리즘\12141680\12141680\Debug\link.6264.write.1.tlog
C:\Users\JH\Desktop\Visual\알고리즘\12141680\12141680\Debug\link.6264-cvtres.read.1.tlog
C:\Users\JH\Desktop\Visual\알고리즘\12141680\12141680\Debug\link.6264-cvtres.write.1.tlog
C:\Users\JH\Desktop\Visual\알고리즘\12141680\12141680\Debug\link.7048.read.1.tlog
C:\Users\JH\Desktop\Visual\알고리즘\12141680\12141680\Debug\link.7048.write.1.tlog
C:\Users\JH\Desktop\Visual\알고리즘\12141680\12141680\Debug\link.7048-cvtres.read.1.tlog
C:\Users\JH\Desktop\Visual\알고리즘\12141680\12141680\Debug\link.7048-cvtres.write.1.tlog
C:\Users\JH\Desktop\Visual\알고리즘\12141680\12141680\Debug\link.8968.read.1.tlog
C:\Users\JH\Desktop\Visual\알고리즘\12141680\12141680\Debug\link.8968.write.1.tlog
C:\Users\JH\Desktop\Visual\알고리즘\12141680\12141680\Debug\link.8968-cvtres.read.1.tlog
C:\Users\JH\Desktop\Visual\알고리즘\12141680\12141680\Debug\link.8968-cvtres.write.1.tlog
C:\Users\JH\Desktop\Visual\알고리즘\12141680\12141680\Debug\link.9656.read.1.tlog
C:\Users\JH\Desktop\Visual\알고리즘\12141680\12141680\Debug\link.9656.write.1.tlog
C:\Users\JH\Desktop\Visual\알고리즘\12141680\12141680\Debug\link.9656-cvtres.read.1.tlog
C:\Users\JH\Desktop\Visual\알고리즘\12141680\12141680\Debug\link.9656-cvtres.write.1.tlog
C:\Users\JH\Desktop\Visual\알고리즘\12141680\12141680\Debug\link.command.1.tlog
C:\Users\JH\Desktop\Visual\알고리즘\12141680\12141680\Debug\link.read.1.tlog
C:\Users\JH\Desktop\Visual\알고리즘\12141680\12141680\Debug\link.write.1.tlog
C:\Users\JH\Desktop\Visual\알고리즘\12141680\12141680\Debug\link-cvtres.read.1.tlog
C:\Users\JH\Desktop\Visual\알고리즘\12141680\12141680\Debug\link-cvtres.write.1.tlog
C:\Users\JH\Desktop\Visual\알고리즘\12141680\12141680\Debug\mt.command.1.tlog
C:\Users\JH\Desktop\Visual\알고리즘\12141680\12141680\Debug\mt.read.1.tlog
C:\Users\JH\Desktop\Visual\알고리즘\12141680\12141680\Debug\mt.write.1.tlog
C:\Users\JH\Desktop\Visual\알고리즘\12141680\12141680\Debug\rc.command.1.tlog
C:\Users\JH\Desktop\Visual\알고리즘\12141680\12141680\Debug\rc.read.1.tlog
C:\Users\JH\Desktop\Visual\알고리즘\12141680\12141680\Debug\rc.write.1.tlog
C:\Users\JH\Desktop\Visual\알고리즘\12141680\12141680\Debug\vc100.idb
C:\USERS\JH\DESKTOP\VISUAL\알고리즘\12141680\12141680\DEBUG\VC100.PDB
C:\Users\JH\Desktop\Visual\알고리즘\12141680\Debug\12141680.exe
C:\USERS\JH\DESKTOP\VISUAL\알고리즘\12141680\DEBUG\12141680.EXE.MANIFEST
C:\Users\JH\Desktop\Visual\알고리즘\12141680\Debug\12141680.pdb
